<?xml version="1.0" encoding="UTF-8"?>
<!-- Generated by org.testng.reporters.JUnitReportReporter -->
<testsuite skipped="0" hostname="CSMBHUD347" name="com.SRIS.Ethnicity.Duplicate" tests="4" failures="0" timestamp="2021-12-09T11:58:35 IST" time="23.339" errors="0">
  <testcase name="loginPageOpen" time="6.737" classname="com.SRIS.Ethnicity.Duplicate"/>
  <system-out/>
  <testcase name="Ethnicity_Module" time="2.269" classname="com.SRIS.Ethnicity.Duplicate"/>
  <system-out/>
  <testcase name="CheckDuplicateAllowForEthnicityDescription" time="7.127" classname="com.SRIS.Ethnicity.Duplicate"/>
  <system-out/>
  <testcase name="CheckDuplicateNotAllowForEthnicity" time="7.206" classname="com.SRIS.Ethnicity.Duplicate"/>
  <system-out/>
</testsuite> <!-- com.SRIS.Ethnicity.Duplicate -->
