<?xml version="1.0" encoding="UTF-8"?>
<!-- Generated by org.testng.reporters.JUnitReportReporter -->
<testsuite hostname="LAPTOP-9060GQE8" failures="0" tests="12" name="com.Diploma.Tests.FieldPopulationAsPerCourseChosen" time="64.739" errors="0" timestamp="2021-07-17T00:00:12 IST" skipped="0">
  <testcase classname="com.Diploma.Tests.FieldPopulationAsPerCourseChosen" name="Login" time="8.237"/>
  <system-out/>
  <testcase classname="com.Diploma.Tests.FieldPopulationAsPerCourseChosen" name="FieldPopulationForDIEWithBC" time="2.385"/>
  <system-out/>
  <testcase classname="com.Diploma.Tests.FieldPopulationAsPerCourseChosen" name="FieldPopulationForDINEWithBC" time="3.698"/>
  <system-out/>
  <testcase classname="com.Diploma.Tests.FieldPopulationAsPerCourseChosen" name="FieldPopulationForDINEWithBoth" time="6.864"/>
  <system-out/>
  <testcase classname="com.Diploma.Tests.FieldPopulationAsPerCourseChosen" name="FieldPopulationForDINExceptBC" time="5.738"/>
  <system-out/>
  <testcase classname="com.Diploma.Tests.FieldPopulationAsPerCourseChosen" name="FieldPopulationForDIEL" time="6.754"/>
  <system-out/>
  <testcase classname="com.Diploma.Tests.FieldPopulationAsPerCourseChosen" name="FieldPopulationForDIELOther" time="2.950"/>
  <system-out/>
  <testcase classname="com.Diploma.Tests.FieldPopulationAsPerCourseChosen" name="FieldPopulationForBothDIEAndDINEWithBoth" time="7.354"/>
  <system-out/>
  <testcase classname="com.Diploma.Tests.FieldPopulationAsPerCourseChosen" name="FieldPopulationForBothDIEAndDINEWithBC" time="3.700"/>
  <system-out/>
  <testcase classname="com.Diploma.Tests.FieldPopulationAsPerCourseChosen" name="FieldPopulationForBothDIEAndDINEExceptBC" time="7.394"/>
  <system-out/>
  <testcase classname="com.Diploma.Tests.FieldPopulationAsPerCourseChosen" name="FieldPopulationForBothDIEAndDIEL" time="6.774"/>
  <system-out/>
  <testcase classname="com.Diploma.Tests.FieldPopulationAsPerCourseChosen" name="FieldPopulationForBothDIEAndDIELOther" time="2.891"/>
  <system-out/>
</testsuite> <!-- com.Diploma.Tests.FieldPopulationAsPerCourseChosen -->
