<?xml version="1.0" encoding="UTF-8"?>
<!-- Generated by org.testng.reporters.JUnitReportReporter -->
<testsuite hostname="LAPTOP-9060GQE8" failures="0" tests="2" name="com.Diploma.Tests.OutsideOdishaStateApplicant" time="13.916" errors="0" timestamp="2021-07-17T00:00:12 IST" skipped="0">
  <testcase classname="com.Diploma.Tests.OutsideOdishaStateApplicant" name="Login" time="8.873"/>
  <system-out/>
  <testcase classname="com.Diploma.Tests.OutsideOdishaStateApplicant" name="OOStateApplicant" time="5.043"/>
  <system-out/>
</testsuite> <!-- com.Diploma.Tests.OutsideOdishaStateApplicant -->
