<?xml version="1.0" encoding="UTF-8"?>
<!-- Generated by org.testng.reporters.JUnitReportReporter -->
<testsuite hostname="LAPTOP-9060GQE8" failures="0" tests="3" name="com.Diploma.Tests.DisabiltyOfSupplementary" time="23.818" errors="0" timestamp="2021-07-17T00:00:12 IST" skipped="0">
  <testcase classname="com.Diploma.Tests.DisabiltyOfSupplementary" name="Login" time="8.141"/>
  <system-out/>
  <testcase classname="com.Diploma.Tests.DisabiltyOfSupplementary" name="DisabilityofSupplementary10th" time="4.755"/>
  <system-out/>
  <testcase classname="com.Diploma.Tests.DisabiltyOfSupplementary" name="DisabilityofSupplementary12th" time="10.922"/>
  <system-out/>
</testsuite> <!-- com.Diploma.Tests.DisabiltyOfSupplementary -->
