<?xml version="1.0" encoding="UTF-8"?>
<!-- Generated by org.testng.reporters.JUnitReportReporter -->
<testsuite hostname="LAPTOP-9060GQE8" failures="0" tests="3" name="com.Diploma.Tests.AgeValidations" time="525.884" errors="0" timestamp="2021-07-17T00:00:12 IST" skipped="0">
  <testcase classname="com.Diploma.Tests.AgeValidations" name="Login" time="8.512"/>
  <system-out/>
  <testcase classname="com.Diploma.Tests.AgeValidations" name="AgeValidationWithLessThan14Years" time="218.461"/>
  <system-out/>
  <testcase classname="com.Diploma.Tests.AgeValidations" name="AgeValidationWith14Years" time="298.911"/>
  <system-out/>
</testsuite> <!-- com.Diploma.Tests.AgeValidations -->
