<?xml version="1.0" encoding="UTF-8"?>
<!-- Generated by org.testng.reporters.JUnitReportReporter -->
<testsuite hostname="LAPTOP-9060GQE8" failures="0" tests="4" name="com.Diploma.Tests.CofirmFunctionality" time="14.592" errors="0" timestamp="2021-07-17T00:00:12 IST" skipped="0">
  <testcase classname="com.Diploma.Tests.CofirmFunctionality" name="Login" time="8.893"/>
  <system-out/>
  <testcase classname="com.Diploma.Tests.CofirmFunctionality" name="ConfirmationBeforeFinalSubmission" time="2.391"/>
  <system-out/>
  <testcase classname="com.Diploma.Tests.CofirmFunctionality" name="FinalSubmission" time="1.651"/>
  <system-out/>
  <testcase classname="com.Diploma.Tests.CofirmFunctionality" name="CancellationofFinalSubmission" time="1.657"/>
  <system-out/>
</testsuite> <!-- com.Diploma.Tests.CofirmFunctionality -->
