<?xml version="1.0" encoding="UTF-8"?>
<!-- Generated by org.testng.reporters.JUnitReportReporter -->
<testsuite hostname="LAPTOP-9060GQE8" failures="0" tests="4" name="com.Diploma.Tests.EIDValidations" time="77.012" errors="0" timestamp="2021-07-17T00:00:12 IST" skipped="0">
  <testcase classname="com.Diploma.Tests.EIDValidations" name="Login" time="8.336"/>
  <system-out/>
  <testcase classname="com.Diploma.Tests.EIDValidations" name="EIDWithValidData" time="40.824"/>
  <system-out/>
  <testcase classname="com.Diploma.Tests.EIDValidations" name="EIDWithInvalidData" time="13.706"/>
  <system-out/>
  <testcase classname="com.Diploma.Tests.EIDValidations" name="NonAcceptanceofDuplicateEID" time="14.146"/>
  <system-out/>
</testsuite> <!-- com.Diploma.Tests.EIDValidations -->
