<?xml version="1.0" encoding="UTF-8"?>
<!-- Generated by org.testng.reporters.JUnitReportReporter -->
<testsuite hostname="LAPTOP-9060GQE8" failures="0" tests="4" name="com.Diploma.Tests.ResidentBarcodeNo" time="42.077" errors="0" timestamp="2021-07-17T00:00:12 IST" skipped="0">
  <testcase classname="com.Diploma.Tests.ResidentBarcodeNo" name="Login" time="9.386"/>
  <system-out/>
  <testcase classname="com.Diploma.Tests.ResidentBarcodeNo" name="PopulationofResidentBarcodeNo" time="2.729"/>
  <system-out/>
  <testcase classname="com.Diploma.Tests.ResidentBarcodeNo" name="PopulationofResidentBarcodeNo1" time="3.582"/>
  <system-out/>
  <testcase classname="com.Diploma.Tests.ResidentBarcodeNo" name="PopulationofResidentBarcodeNo2" time="26.380"/>
  <system-out/>
</testsuite> <!-- com.Diploma.Tests.ResidentBarcodeNo -->
