<?xml version="1.0" encoding="UTF-8"?>
<!-- Generated by org.testng.reporters.JUnitReportReporter -->
<testsuite skipped="0" hostname="LAPTOP-O7SD66MO" name="com.Diploma.Tests.DateofJoiningAndDateofLeavingComparison" tests="4" failures="0" timestamp="2020-12-14T15:40:32 IST" time="150.281" errors="0">
  <testcase name="Login" time="7.635" classname="com.Diploma.Tests.DateofJoiningAndDateofLeavingComparison"/>
  <system-out/>
  <testcase name="DOJIsGreaterThanDOL" time="46.776" classname="com.Diploma.Tests.DateofJoiningAndDateofLeavingComparison"/>
  <system-out/>
  <testcase name="DOJIsEqualToDOL" time="49.994" classname="com.Diploma.Tests.DateofJoiningAndDateofLeavingComparison"/>
  <system-out/>
  <testcase name="Minimum2yearsGap" time="45.876" classname="com.Diploma.Tests.DateofJoiningAndDateofLeavingComparison"/>
  <system-out/>
</testsuite> <!-- com.Diploma.Tests.DateofJoiningAndDateofLeavingComparison -->
