<?xml version="1.0" encoding="UTF-8"?>
<!-- Generated by org.testng.reporters.JUnitReportReporter -->
<testsuite hostname="LAPTOP-9060GQE8" failures="0" tests="2" name="com.Diploma.Tests.CasteCertificateBarcodeNo" time="11.566" errors="0" timestamp="2021-07-17T00:00:12 IST" skipped="0">
  <testcase classname="com.Diploma.Tests.CasteCertificateBarcodeNo" name="Login" time="9.528"/>
  <system-out/>
  <testcase classname="com.Diploma.Tests.CasteCertificateBarcodeNo" name="CasteCertificateNoPopulation" time="2.038"/>
  <system-out/>
</testsuite> <!-- com.Diploma.Tests.CasteCertificateBarcodeNo -->
