<?xml version="1.0" encoding="UTF-8"?>
<!-- Generated by org.testng.reporters.JUnitReportReporter -->
<testsuite skipped="0" hostname="LAPTOP-O7SD66MO" name="com.Diploma.Tests.SubmissionofCAFWithValidData10" tests="2" failures="0" timestamp="2020-12-14T15:33:15 IST" time="59.806" errors="0">
  <testcase name="Login" time="6.996" classname="com.Diploma.Tests.SubmissionofCAFWithValidData10"/>
  <system-out/>
  <testcase name="DiplomaInEngineeringPartTimeSubmission" time="52.810" classname="com.Diploma.Tests.SubmissionofCAFWithValidData10"/>
  <system-out/>
</testsuite> <!-- com.Diploma.Tests.SubmissionofCAFWithValidData10 -->
