<?xml version="1.0" encoding="UTF-8"?>
<!-- Generated by org.testng.reporters.JUnitReportReporter -->
<testsuite hostname="LAPTOP-9060GQE8" failures="0" tests="23" name="com.Diploma.Tests.ComparisonofMarksFor12th" time="1607.462" errors="0" timestamp="2021-07-17T00:00:12 IST" skipped="0">
  <testcase classname="com.Diploma.Tests.ComparisonofMarksFor12th" name="Login" time="8.565"/>
  <system-out/>
  <testcase classname="com.Diploma.Tests.ComparisonofMarksFor12th" name="MaxMarkEqualToSummationofSubjectMaxMark" time="73.046"/>
  <system-out/>
  <testcase classname="com.Diploma.Tests.ComparisonofMarksFor12th" name="MaxMarkLessThanSummationofSubjectMaxMark" time="74.001"/>
  <system-out/>
  <testcase classname="com.Diploma.Tests.ComparisonofMarksFor12th" name="MaxMarkMoreThanSummationofSubjectMaxMark" time="69.769"/>
  <system-out/>
  <testcase classname="com.Diploma.Tests.ComparisonofMarksFor12th" name="SecuredMarkEqualToSummationofSubjectSecuredMark" time="74.787"/>
  <system-out/>
  <testcase classname="com.Diploma.Tests.ComparisonofMarksFor12th" name="SecuredMarkLessThanSummationofSubjectSecuredMark" time="76.441"/>
  <system-out/>
  <testcase classname="com.Diploma.Tests.ComparisonofMarksFor12th" name="SecuredMarkMoreThanSummationofSubjectSecuredMark" time="74.190"/>
  <system-out/>
  <testcase classname="com.Diploma.Tests.ComparisonofMarksFor12th" name="TotalSecuredMarkIsLessThanTotalMarkIn1stAttempt" time="72.531"/>
  <system-out/>
  <testcase classname="com.Diploma.Tests.ComparisonofMarksFor12th" name="TotalSecuredMarkIsEqualToTotalMarkIn1stAttempt" time="73.399"/>
  <system-out/>
  <testcase classname="com.Diploma.Tests.ComparisonofMarksFor12th" name="TotalSecuredMarkIsGreaterThanTotalMarkIn1stAttempt" time="72.625"/>
  <system-out/>
  <testcase classname="com.Diploma.Tests.ComparisonofMarksFor12th" name="SubjectSecuredMarkIsGreaterThanSubjectMarkIn1stAttempt" time="73.501"/>
  <system-out/>
  <testcase classname="com.Diploma.Tests.ComparisonofMarksFor12th" name="SubjectSecuredMarkIsEqualToSubjectMarkIn1stAttempt" time="70.491"/>
  <system-out/>
  <testcase classname="com.Diploma.Tests.ComparisonofMarksFor12th" name="SubjectSecuredMarkIsLessThanSubjectMarkIn1stAttempt" time="72.565"/>
  <system-out/>
  <testcase classname="com.Diploma.Tests.ComparisonofMarksFor12th" name="SubjectWiseMarkIn1stAttemptEqualToPassMark" time="70.154"/>
  <system-out/>
  <testcase classname="com.Diploma.Tests.ComparisonofMarksFor12th" name="SubjectWiseMarkIn1stAttemptGreaterThanPassMark" time="69.648"/>
  <system-out/>
  <testcase classname="com.Diploma.Tests.ComparisonofMarksFor12th" name="TotalSecuredMarkIsLessThanTotalMaxMark" time="69.735"/>
  <system-out/>
  <testcase classname="com.Diploma.Tests.ComparisonofMarksFor12th" name="TotalSecuredMarkIsEqualToTotalMaxMark" time="70.639"/>
  <system-out/>
  <testcase classname="com.Diploma.Tests.ComparisonofMarksFor12th" name="TotalSecuredMarkIsGreaterThanTotalMaxMark" time="70.618"/>
  <system-out/>
  <testcase classname="com.Diploma.Tests.ComparisonofMarksFor12th" name="SubjectWiseMarkIn1stAttemptLessThanPassMark" time="74.074"/>
  <system-out/>
  <testcase classname="com.Diploma.Tests.ComparisonofMarksFor12th" name="TotalMarkFirstAttemptEqualSummationOfSubjectwiseSecuredOrSubjectWiseFirstAttempSecured" time="74.234"/>
  <system-out/>
  <testcase classname="com.Diploma.Tests.ComparisonofMarksFor12th" name="TotalMarkFirstAttemptLessThanSummationOfSubjectwiseSecuredOrSubjectWiseFirstAttempSecured" time="74.954"/>
  <system-out/>
  <testcase classname="com.Diploma.Tests.ComparisonofMarksFor12th" name="TotalMarkFirstAttemptGreaterThanSummationOfSubjectwiseSecuredOrSubjectWiseFirstAttempSecured" time="73.155"/>
  <system-out/>
  <testcase classname="com.Diploma.Tests.ComparisonofMarksFor12th" name="AcceptanceOfZeroInMarkIn1stAttempt" time="74.340"/>
  <system-out/>
</testsuite> <!-- com.Diploma.Tests.ComparisonofMarksFor12th -->
