<?xml version="1.0" encoding="UTF-8"?>
<!-- Generated by org.testng.reporters.JUnitReportReporter -->
<testsuite hostname="LAPTOP-9060GQE8" failures="0" tests="4" name="com.Diploma.Tests.MobileNoComparison" time="104.756" errors="0" timestamp="2021-07-17T00:00:12 IST" skipped="0">
  <testcase classname="com.Diploma.Tests.MobileNoComparison" name="Login" time="8.144"/>
  <system-out/>
  <testcase classname="com.Diploma.Tests.MobileNoComparison" name="DifferentRegisteredMobileNoAlternateMobileNo" time="39.639"/>
  <system-out/>
  <testcase classname="com.Diploma.Tests.MobileNoComparison" name="AcceptanceofDuplicateAlternateMobileNo" time="40.524"/>
  <system-out/>
  <testcase classname="com.Diploma.Tests.MobileNoComparison" name="IdenticalRegisteredMobileNoAlternateMobileNo" time="16.449"/>
  <system-out/>
</testsuite> <!-- com.Diploma.Tests.MobileNoComparison -->
