<?xml version="1.0" encoding="UTF-8"?>
<!-- Generated by org.testng.reporters.JUnitReportReporter -->
<testsuite hostname="LAPTOP-9060GQE8" failures="0" tests="5" name="com.Diploma.Tests.NonAcceptanceofDuplicateData" time="174.206" errors="0" timestamp="2021-07-17T00:00:12 IST" skipped="0">
  <testcase classname="com.Diploma.Tests.NonAcceptanceofDuplicateData" name="Login" time="9.094"/>
  <system-out/>
  <testcase classname="com.Diploma.Tests.NonAcceptanceofDuplicateData" name="NonAcceptanceofDuplicateIncomeBarcodeNo" time="42.184"/>
  <system-out/>
  <testcase classname="com.Diploma.Tests.NonAcceptanceofDuplicateData" name="NonAcceptanceofDuplicateCasteCertificateBarcodeNo" time="41.651"/>
  <system-out/>
  <testcase classname="com.Diploma.Tests.NonAcceptanceofDuplicateData" name="NonAcceptanceofDuplicateResidentBarcodeNo" time="40.321"/>
  <system-out/>
  <testcase classname="com.Diploma.Tests.NonAcceptanceofDuplicateData" name="NonAcceptanceofDuplicateBOCNo" time="40.956"/>
  <system-out/>
</testsuite> <!-- com.Diploma.Tests.NonAcceptanceofDuplicateData -->
