<?xml version="1.0" encoding="UTF-8"?>
<!-- Generated by org.testng.reporters.JUnitReportReporter -->
<testsuite hostname="LAPTOP-9060GQE8" failures="0" tests="3" name="com.Diploma.Tests.AggregatePercentagefor12th" time="540.621" errors="0" timestamp="2021-07-17T00:00:12 IST" skipped="0">
  <testcase classname="com.Diploma.Tests.AggregatePercentagefor12th" name="Login" time="8.565"/>
  <system-out/>
  <testcase classname="com.Diploma.Tests.AggregatePercentagefor12th" name="AggregateCheckWith30Percentage" time="320.030"/>
  <system-out/>
  <testcase classname="com.Diploma.Tests.AggregatePercentagefor12th" name="AggregateCheckWithLessThan30Percentage" time="212.026"/>
  <system-out/>
</testsuite> <!-- com.Diploma.Tests.AggregatePercentagefor12th -->
