<?xml version="1.0" encoding="UTF-8"?>
<!-- Generated by org.testng.reporters.JUnitReportReporter -->
<testsuite hostname="LAPTOP-9060GQE8" failures="0" tests="3" name="com.Diploma.Tests.SaveAsDraftFunctionality" time="140.586" errors="0" timestamp="2021-07-17T00:00:12 IST" skipped="0">
  <testcase classname="com.Diploma.Tests.SaveAsDraftFunctionality" name="Login" time="9.180"/>
  <system-out/>
  <testcase classname="com.Diploma.Tests.SaveAsDraftFunctionality" name="SuccessfulSaveAsDraft" time="41.615"/>
  <system-out/>
  <testcase classname="com.Diploma.Tests.SaveAsDraftFunctionality" name="SavingFromInDraftForNotProvidingAllMandatory" time="89.791"/>
  <system-out/>
</testsuite> <!-- com.Diploma.Tests.SaveAsDraftFunctionality -->
