<?xml version="1.0" encoding="UTF-8"?>
<!-- Generated by org.testng.reporters.JUnitReportReporter -->
<testsuite hostname="LAPTOP-9060GQE8" failures="0" tests="2" name="com.Diploma.Tests.ReadOnlyEmailId" time="13.556" errors="0" timestamp="2021-07-17T00:00:12 IST" skipped="0">
  <testcase classname="com.Diploma.Tests.ReadOnlyEmailId" name="Login" time="8.190"/>
  <system-out/>
  <testcase classname="com.Diploma.Tests.ReadOnlyEmailId" name="PopulationAndDisabilityofEmail" time="5.366"/>
  <system-out/>
</testsuite> <!-- com.Diploma.Tests.ReadOnlyEmailId -->
