<?xml version="1.0" encoding="UTF-8"?>
<!-- Generated by org.testng.reporters.JUnitReportReporter -->
<testsuite hostname="LAPTOP-9060GQE8" failures="0" tests="5" name="com.Diploma.Tests.CompartmentalAggregatefor10th" time="450.186" errors="0" timestamp="2021-07-17T00:00:12 IST" skipped="0">
  <testcase classname="com.Diploma.Tests.CompartmentalAggregatefor10th" name="Login" time="8.981"/>
  <system-out/>
  <testcase classname="com.Diploma.Tests.CompartmentalAggregatefor10th" name="CompartmentalAggregateCheckWithLessThan35Percentage" time="99.733"/>
  <system-out/>
  <testcase classname="com.Diploma.Tests.CompartmentalAggregatefor10th" name="CompartmentalAggregateCheckWithLessThan35PercentageOtherCourse" time="29.206"/>
  <system-out/>
  <testcase classname="com.Diploma.Tests.CompartmentalAggregatefor10th" name="CompartmentalAggregateCheckWith35Percentage" time="228.971"/>
  <system-out/>
  <testcase classname="com.Diploma.Tests.CompartmentalAggregatefor10th" name="CompartmentalAggregateCheckWith35PercentageOther" time="83.295"/>
  <system-out/>
</testsuite> <!-- com.Diploma.Tests.CompartmentalAggregatefor10th -->
