<?xml version="1.0" encoding="UTF-8"?>
<!-- Generated by org.testng.reporters.JUnitReportReporter -->
<testsuite hostname="LAPTOP-9060GQE8" failures="0" tests="11" name="com.Diploma.Tests.MandatorySubjectsAsPerCourse12th" time="1506.727" errors="0" timestamp="2021-07-17T00:00:12 IST" skipped="0">
  <testcase classname="com.Diploma.Tests.MandatorySubjectsAsPerCourse12th" name="Login" time="8.174"/>
  <system-out/>
  <testcase classname="com.Diploma.Tests.MandatorySubjectsAsPerCourse12th" name="AlertWhenPhysicsIsNotChosen" time="148.420"/>
  <system-out/>
  <testcase classname="com.Diploma.Tests.MandatorySubjectsAsPerCourse12th" name="AlertWhenChemistryIsNotChosen" time="148.690"/>
  <system-out/>
  <testcase classname="com.Diploma.Tests.MandatorySubjectsAsPerCourse12th" name="AlertWhenMathsIsNotChosen" time="149.018"/>
  <system-out/>
  <testcase classname="com.Diploma.Tests.MandatorySubjectsAsPerCourse12th" name="AlertWhenPhysicsAndChemistryAreNotChosen" time="149.198"/>
  <system-out/>
  <testcase classname="com.Diploma.Tests.MandatorySubjectsAsPerCourse12th" name="AlertWhenPhysicsAndMathsAreNotChosen" time="149.036"/>
  <system-out/>
  <testcase classname="com.Diploma.Tests.MandatorySubjectsAsPerCourse12th" name="AlertWhenMathsAndChemistryAreNotChosen" time="148.918"/>
  <system-out/>
  <testcase classname="com.Diploma.Tests.MandatorySubjectsAsPerCourse12th" name="AlertWhenAllThreeAreNotChosen" time="150.422"/>
  <system-out/>
  <testcase classname="com.Diploma.Tests.MandatorySubjectsAsPerCourse12th" name="MandatorySubjectof12thForLateral" time="151.659"/>
  <system-out/>
  <testcase classname="com.Diploma.Tests.MandatorySubjectsAsPerCourse12th" name="AlertWhenEnglishNotChosen" time="152.197"/>
  <system-out/>
  <testcase classname="com.Diploma.Tests.MandatorySubjectsAsPerCourse12th" name="MandatorySubjectsFor12th" time="150.995"/>
  <system-out/>
</testsuite> <!-- com.Diploma.Tests.MandatorySubjectsAsPerCourse12th -->
