<?xml version="1.0" encoding="UTF-8"?>
<!-- Generated by org.testng.reporters.JUnitReportReporter -->
<testsuite hostname="LAPTOP-9060GQE8" failures="0" tests="2" name="com.Diploma.Tests.TFWselection" time="11.899" errors="0" timestamp="2021-07-17T00:00:12 IST" skipped="0">
  <testcase classname="com.Diploma.Tests.TFWselection" name="Login" time="9.194"/>
  <system-out/>
  <testcase classname="com.Diploma.Tests.TFWselection" name="TFWEnabling" time="2.705"/>
  <system-out/>
</testsuite> <!-- com.Diploma.Tests.TFWselection -->
