<?xml version="1.0" encoding="UTF-8"?>
<!-- Generated by org.testng.reporters.JUnitReportReporter -->
<testsuite hostname="LAPTOP-9060GQE8" failures="0" tests="7" name="com.Diploma.Tests.GradeCGPAPopulation" time="42.083" errors="0" timestamp="2021-07-17T00:00:12 IST" skipped="0">
  <testcase classname="com.Diploma.Tests.GradeCGPAPopulation" name="Login" time="9.010"/>
  <system-out/>
  <testcase classname="com.Diploma.Tests.GradeCGPAPopulation" name="PopulationofGradeForCBSEBoard" time="4.635"/>
  <system-out/>
  <testcase classname="com.Diploma.Tests.GradeCGPAPopulation" name="PopulationofCompartmentalGradeForCBSEBoard" time="5.639"/>
  <system-out/>
  <testcase classname="com.Diploma.Tests.GradeCGPAPopulation" name="PopulationofGradeForAndhraBoard" time="5.604"/>
  <system-out/>
  <testcase classname="com.Diploma.Tests.GradeCGPAPopulation" name="PopulationofCompartmentalGradeForAndhraBoard" time="5.642"/>
  <system-out/>
  <testcase classname="com.Diploma.Tests.GradeCGPAPopulation" name="PopulationofGradeForKerelaBoard" time="5.748"/>
  <system-out/>
  <testcase classname="com.Diploma.Tests.GradeCGPAPopulation" name="PopulationofCompartmentalGradeForKerelaBoard" time="5.805"/>
  <system-out/>
</testsuite> <!-- com.Diploma.Tests.GradeCGPAPopulation -->
