<?xml version="1.0" encoding="UTF-8"?>
<!-- Generated by org.testng.reporters.JUnitReportReporter -->
<testsuite hostname="LAPTOP-9060GQE8" failures="0" tests="3" name="com.Diploma.Tests.EWSselection" time="15.037" errors="0" timestamp="2021-07-17T00:00:12 IST" skipped="0">
  <testcase classname="com.Diploma.Tests.EWSselection" name="Login" time="9.326"/>
  <system-out/>
  <testcase classname="com.Diploma.Tests.EWSselection" name="EWSEnabling" time="2.701"/>
  <system-out/>
  <testcase classname="com.Diploma.Tests.EWSselection" name="EWSDisabling" time="3.010"/>
  <system-out/>
</testsuite> <!-- com.Diploma.Tests.EWSselection -->
