<?xml version="1.0" encoding="UTF-8"?>
<!-- Generated by org.testng.reporters.JUnitReportReporter -->
<testsuite hostname="LAPTOP-9060GQE8" failures="0" tests="5" name="com.Diploma.Tests.LoginScenarios" time="33.186" errors="0" timestamp="2021-07-17T00:00:12 IST" skipped="0">
  <testcase classname="com.Diploma.Tests.LoginScenarios" name="LoginProvidingInvalidMobileNumberAndValidPassword" time="11.101"/>
  <system-out/>
  <testcase classname="com.Diploma.Tests.LoginScenarios" name="ProvidingValidMobileNumberAndInValidPassword" time="6.380"/>
  <system-out/>
  <testcase classname="com.Diploma.Tests.LoginScenarios" name="ProvidingInvalidMobileNumberAndInValidPassword" time="5.979"/>
  <system-out/>
  <testcase classname="com.Diploma.Tests.LoginScenarios" name="ProvidingInvalidCaptcha" time="3.492"/>
  <system-out/>
  <testcase classname="com.Diploma.Tests.LoginScenarios" name="LoginProvidingValiddata" time="6.234"/>
  <system-out/>
</testsuite> <!-- com.Diploma.Tests.LoginScenarios -->
