<?xml version="1.0" encoding="UTF-8"?>
<!-- Generated by org.testng.reporters.JUnitReportReporter -->
<testsuite hostname="LAPTOP-9060GQE8" failures="0" tests="2" name="com.Diploma.Tests.SubmissionofCAFWithInvalidData" time="49.923" errors="0" timestamp="2021-07-17T00:00:12 IST" skipped="0">
  <testcase classname="com.Diploma.Tests.SubmissionofCAFWithInvalidData" name="Login" time="10.072"/>
  <system-out/>
  <testcase classname="com.Diploma.Tests.SubmissionofCAFWithInvalidData" name="SubmissionWithInvalidData" time="39.851"/>
  <system-out/>
</testsuite> <!-- com.Diploma.Tests.SubmissionofCAFWithInvalidData -->
