<?xml version="1.0" encoding="UTF-8"?>
<!-- Generated by org.testng.reporters.JUnitReportReporter -->
<testsuite hostname="LAPTOP-9060GQE8" failures="0" tests="9" name="com.Diploma.Tests.MandatorySubjectsAsPerCourse10th" time="1682.687" errors="0" timestamp="2021-07-17T00:00:12 IST" skipped="0">
  <testcase classname="com.Diploma.Tests.MandatorySubjectsAsPerCourse10th" name="Login" time="8.105"/>
  <system-out/>
  <testcase classname="com.Diploma.Tests.MandatorySubjectsAsPerCourse10th" name="AlertWhenMathsIsNotChosen" time="207.389"/>
  <system-out/>
  <testcase classname="com.Diploma.Tests.MandatorySubjectsAsPerCourse10th" name="AlertWhenScienceIsNotChosen" time="208.726"/>
  <system-out/>
  <testcase classname="com.Diploma.Tests.MandatorySubjectsAsPerCourse10th" name="AlertWhenEnglishIsNotChosen" time="207.801"/>
  <system-out/>
  <testcase classname="com.Diploma.Tests.MandatorySubjectsAsPerCourse10th" name="AlertWhenEnglishAndScienceAreNotChosen" time="207.724"/>
  <system-out/>
  <testcase classname="com.Diploma.Tests.MandatorySubjectsAsPerCourse10th" name="AlertWhenEnglishAndMathMaticsAreNotChosen" time="212.090"/>
  <system-out/>
  <testcase classname="com.Diploma.Tests.MandatorySubjectsAsPerCourse10th" name="AlertWhenScienceAndMathMaticsAreNotChosen" time="209.090"/>
  <system-out/>
  <testcase classname="com.Diploma.Tests.MandatorySubjectsAsPerCourse10th" name="AlertWhenScienceMathMaticsAndEnglishAreNotChosen" time="209.024"/>
  <system-out/>
  <testcase classname="com.Diploma.Tests.MandatorySubjectsAsPerCourse10th" name="MandatorySubjectsFor10th" time="212.738"/>
  <system-out/>
</testsuite> <!-- com.Diploma.Tests.MandatorySubjectsAsPerCourse10th -->
