<?xml version="1.0" encoding="UTF-8"?>
<!-- Generated by org.testng.reporters.JUnitReportReporter -->
<testsuite hostname="LAPTOP-9060GQE8" failures="0" tests="4" name="com.Diploma.Tests.AddMoreValidationsFor12th" time="146.201" errors="0" timestamp="2021-07-17T00:00:12 IST" skipped="0">
  <testcase classname="com.Diploma.Tests.AddMoreValidationsFor12th" name="Login" time="9.922"/>
  <system-out/>
  <testcase classname="com.Diploma.Tests.AddMoreValidationsFor12th" name="AddMoreDuplicateCheck" time="32.336"/>
  <system-out/>
  <testcase classname="com.Diploma.Tests.AddMoreValidationsFor12th" name="AdditionOfDeletedRecords" time="28.465"/>
  <system-out/>
  <testcase classname="com.Diploma.Tests.AddMoreValidationsFor12th" name="DeletionOfAddedRecords" time="75.478"/>
  <system-out/>
</testsuite> <!-- com.Diploma.Tests.AddMoreValidationsFor12th -->
