<?xml version="1.0" encoding="UTF-8"?>
<!-- Generated by org.testng.reporters.JUnitReportReporter -->
<testsuite hostname="LAPTOP-9060GQE8" failures="0" tests="20" name="com.Diploma.Tests.ComparisonofMarksFor10th" time="1315.517" errors="0" timestamp="2021-07-17T00:00:12 IST" skipped="0">
  <testcase classname="com.Diploma.Tests.ComparisonofMarksFor10th" name="Login" time="8.211"/>
  <system-out/>
  <testcase classname="com.Diploma.Tests.ComparisonofMarksFor10th" name="MaxMarkEqualToSummationofSubjectMaxMark" time="73.256"/>
  <system-out/>
  <testcase classname="com.Diploma.Tests.ComparisonofMarksFor10th" name="MaxMarkLessThanSummationofSubjectMaxMark" time="74.040"/>
  <system-out/>
  <testcase classname="com.Diploma.Tests.ComparisonofMarksFor10th" name="MaxMarkGreaterThanSummationofSubjectMaxMark" time="74.168"/>
  <system-out/>
  <testcase classname="com.Diploma.Tests.ComparisonofMarksFor10th" name="SecuredMarkLessThanSummationofSubjectSecuredMark" time="74.214"/>
  <system-out/>
  <testcase classname="com.Diploma.Tests.ComparisonofMarksFor10th" name="SecuredMarkGreaterThanSummationofSubjectSecuredMark" time="74.100"/>
  <system-out/>
  <testcase classname="com.Diploma.Tests.ComparisonofMarksFor10th" name="SecuredMarkEqualToSummationofSubjectSecuredMark" time="75.436"/>
  <system-out/>
  <testcase classname="com.Diploma.Tests.ComparisonofMarksFor10th" name="TotalSecuredMarkIsLessThanTotalMaxMark" time="77.480"/>
  <system-out/>
  <testcase classname="com.Diploma.Tests.ComparisonofMarksFor10th" name="TotalSecuredMarkIsEqualToTotalMaxMark" time="77.956"/>
  <system-out/>
  <testcase classname="com.Diploma.Tests.ComparisonofMarksFor10th" name="TotalSecuredMarkIsGreaterThanTotalMaxMark" time="75.091"/>
  <system-out/>
  <testcase classname="com.Diploma.Tests.ComparisonofMarksFor10th" name="TotalSecuredMarkIsEqualToTotalMarkIn1stAttempt" time="73.176"/>
  <system-out/>
  <testcase classname="com.Diploma.Tests.ComparisonofMarksFor10th" name="TotalSecuredMarkIsGreaterThanTotalMarkIn1stAttempt" time="73.271"/>
  <system-out/>
  <testcase classname="com.Diploma.Tests.ComparisonofMarksFor10th" name="TotalSecuredMarkIsLessThanTotalMarkIn1stAttempt" time="72.094"/>
  <system-out/>
  <testcase classname="com.Diploma.Tests.ComparisonofMarksFor10th" name="SubjectSecuredMarkIsEqualToSubjectMarkIn1stAttempt" time="43.806"/>
  <system-out/>
  <testcase classname="com.Diploma.Tests.ComparisonofMarksFor10th" name="SubjectSecuredMarkIsGreaterThanSubjectMarkIn1stAttempt" time="44.882"/>
  <system-out/>
  <testcase classname="com.Diploma.Tests.ComparisonofMarksFor10th" name="MarkIn1stAttemptEqualToPassMark" time="44.860"/>
  <system-out/>
  <testcase classname="com.Diploma.Tests.ComparisonofMarksFor10th" name="MarkIn1stAttemptGreaterThanPassMark" time="45.804"/>
  <system-out/>
  <testcase classname="com.Diploma.Tests.ComparisonofMarksFor10th" name="MarkIn1stAttemptLessThanPassMark" time="75.821"/>
  <system-out/>
  <testcase classname="com.Diploma.Tests.ComparisonofMarksFor10th" name="SubjectSecuredMarkIsLessThanSubjectMarkIn1stAttempt" time="76.590"/>
  <system-out/>
  <testcase classname="com.Diploma.Tests.ComparisonofMarksFor10th" name="AcceptanceOfZeroInMarkIn1stAttempt" time="81.261"/>
  <system-out/>
</testsuite> <!-- com.Diploma.Tests.ComparisonofMarksFor10th -->
