<?xml version="1.0" encoding="UTF-8"?>
<!-- Generated by org.testng.reporters.JUnitReportReporter -->
<testsuite hostname="LAPTOP-9060GQE8" failures="0" tests="3" name="com.Diploma.Tests.ComparisonofRollNo" time="153.224" errors="0" timestamp="2021-07-17T00:00:12 IST" skipped="0">
  <testcase classname="com.Diploma.Tests.ComparisonofRollNo" name="Login" time="8.233"/>
  <system-out/>
  <testcase classname="com.Diploma.Tests.ComparisonofRollNo" name="RollNoComparisonWithValidData" time="74.548"/>
  <system-out/>
  <testcase classname="com.Diploma.Tests.ComparisonofRollNo" name="RollNoComparisonWithIdenticalData" time="70.443"/>
  <system-out/>
</testsuite> <!-- com.Diploma.Tests.ComparisonofRollNo -->
