<?xml version="1.0" encoding="UTF-8"?>
<!-- Generated by org.testng.reporters.JUnitReportReporter -->
<testsuite skipped="0" hostname="CSMBHUD215" name="com.Diploma.Tests.Rough" tests="3" failures="0" timestamp="2020-11-13T17:45:28 IST" time="444.404" errors="0">
  <testcase name="Login" time="5.069" classname="com.Diploma.Tests.Rough"/>
  <system-out/>
  <testcase name="AgeValidationWith14Years" time="220.425" classname="com.Diploma.Tests.Rough"/>
  <system-out/>
  <testcase name="AgeValidationWithLessThan14Years" time="218.910" classname="com.Diploma.Tests.Rough"/>
  <system-out/>
</testsuite> <!-- com.Diploma.Tests.Rough -->
