<?xml version="1.0" encoding="UTF-8"?>
<!-- Generated by org.testng.reporters.JUnitReportReporter -->
<testsuite skipped="0" hostname="LAPTOP-O7SD66MO" name="com.Diploma.Tests.SubmissionofCAFWithValidData11" tests="2" failures="0" timestamp="2020-12-14T15:30:40 IST" time="55.296" errors="0">
  <testcase name="Login" time="9.188" classname="com.Diploma.Tests.SubmissionofCAFWithValidData11"/>
  <system-out/>
  <testcase name="DiplomaInEngineeringPartTimeSubmissionWithExperienced" time="46.108" classname="com.Diploma.Tests.SubmissionofCAFWithValidData11"/>
  <system-out/>
</testsuite> <!-- com.Diploma.Tests.SubmissionofCAFWithValidData11 -->
