<?xml version="1.0" encoding="UTF-8"?>
<!-- Generated by org.testng.reporters.JUnitReportReporter -->
<testsuite hostname="LAPTOP-9060GQE8" failures="0" tests="2" name="com.Diploma.Tests.SubmissionofCAFWithValidData1" time="48.926" errors="0" timestamp="2021-07-17T00:00:12 IST" skipped="0">
  <testcase classname="com.Diploma.Tests.SubmissionofCAFWithValidData1" name="Login" time="8.642"/>
  <system-out/>
  <testcase classname="com.Diploma.Tests.SubmissionofCAFWithValidData1" name="DiplomaInEngineeringSubmission" time="40.284"/>
  <system-out/>
</testsuite> <!-- com.Diploma.Tests.SubmissionofCAFWithValidData1 -->
