<?xml version="1.0" encoding="UTF-8"?>
<!-- Generated by org.testng.reporters.JUnitReportReporter -->
<testsuite hostname="LAPTOP-9060GQE8" failures="0" tests="3" name="com.Diploma.Tests.MandatorySubjectsAsPerCourse12thVocational" time="331.329" errors="0" timestamp="2021-07-17T00:00:12 IST" skipped="0">
  <testcase classname="com.Diploma.Tests.MandatorySubjectsAsPerCourse12thVocational" name="Login" time="8.209"/>
  <system-out/>
  <testcase classname="com.Diploma.Tests.MandatorySubjectsAsPerCourse12thVocational" name="SelectionOfAnyOneSubject" time="167.742"/>
  <system-out/>
  <testcase classname="com.Diploma.Tests.MandatorySubjectsAsPerCourse12thVocational" name="AlertWhenSubjectIsNotChosen" time="155.378"/>
  <system-out/>
</testsuite> <!-- com.Diploma.Tests.MandatorySubjectsAsPerCourse12thVocational -->
