<?xml version="1.0" encoding="UTF-8"?>
<!-- Generated by org.testng.reporters.JUnitReportReporter -->
<testsuite hostname="LAPTOP-9060GQE8" failures="0" tests="5" name="com.Diploma.Tests.YearOfPassingComparison" time="107.522" errors="0" timestamp="2021-07-17T00:00:12 IST" skipped="0">
  <testcase classname="com.Diploma.Tests.YearOfPassingComparison" name="Login" time="8.075"/>
  <system-out/>
  <testcase classname="com.Diploma.Tests.YearOfPassingComparison" name="YOPBetween10thAnd12thorITIorCOEWithValidData" time="72.937"/>
  <system-out/>
  <testcase classname="com.Diploma.Tests.YearOfPassingComparison" name="YOPBetween10thAnd12thorITIorCOEWithIdenticalData" time="9.448"/>
  <system-out/>
  <testcase classname="com.Diploma.Tests.YearOfPassingComparison" name="YOPBetween10thAnd12thorITIorCOEWithInvalidData" time="9.327"/>
  <system-out/>
  <testcase classname="com.Diploma.Tests.YearOfPassingComparison" name="YOPBetween10thAnd12thorITIorCOEWithLessThan2years" time="7.735"/>
  <system-out/>
</testsuite> <!-- com.Diploma.Tests.YearOfPassingComparison -->
