<?xml version="1.0" encoding="UTF-8"?>
<!-- Generated by org.testng.reporters.JUnitReportReporter -->
<testsuite hostname="LAPTOP-9060GQE8" failures="0" tests="3" name="com.Diploma.Tests.BacktoModifyfunctionality" time="99.998" errors="0" timestamp="2021-07-17T00:00:12 IST" skipped="0">
  <testcase classname="com.Diploma.Tests.BacktoModifyfunctionality" name="Login" time="10.354"/>
  <system-out/>
  <testcase classname="com.Diploma.Tests.BacktoModifyfunctionality" name="DuplicateRollNoCheckDuringModification" time="44.291"/>
  <system-out/>
  <testcase classname="com.Diploma.Tests.BacktoModifyfunctionality" name="SuccessfulModification" time="45.353"/>
  <system-out/>
</testsuite> <!-- com.Diploma.Tests.BacktoModifyfunctionality -->
