<?xml version="1.0" encoding="UTF-8"?>
<!-- Generated by org.testng.reporters.JUnitReportReporter -->
<testsuite hostname="LAPTOP-9060GQE8" failures="0" tests="2" name="com.Diploma.Tests.ModificationSaveAsDraftFunctionality" time="62.063" errors="0" timestamp="2021-07-17T00:00:12 IST" skipped="0">
  <testcase classname="com.Diploma.Tests.ModificationSaveAsDraftFunctionality" name="Login" time="8.897"/>
  <system-out/>
  <testcase classname="com.Diploma.Tests.ModificationSaveAsDraftFunctionality" name="SuccessfulModificationAfterSaveAsDraft" time="53.166"/>
  <system-out/>
</testsuite> <!-- com.Diploma.Tests.ModificationSaveAsDraftFunctionality -->
