<?xml version="1.0" encoding="UTF-8"?>
<!-- Generated by org.testng.reporters.JUnitReportReporter -->
<testsuite hostname="LAPTOP-9060GQE8" failures="0" tests="4" name="com.Diploma.Tests.AddMoreValidationsFor10th" time="143.436" errors="0" timestamp="2021-07-17T00:00:12 IST" skipped="0">
  <testcase classname="com.Diploma.Tests.AddMoreValidationsFor10th" name="Login" time="8.673"/>
  <system-out/>
  <testcase classname="com.Diploma.Tests.AddMoreValidationsFor10th" name="AddMoreDuplicateCheck" time="30.971"/>
  <system-out/>
  <testcase classname="com.Diploma.Tests.AddMoreValidationsFor10th" name="AdditionOfDeletedRecords" time="29.108"/>
  <system-out/>
  <testcase classname="com.Diploma.Tests.AddMoreValidationsFor10th" name="DeletionOfAddedRecords" time="74.684"/>
  <system-out/>
</testsuite> <!-- com.Diploma.Tests.AddMoreValidationsFor10th -->
