<?xml version="1.0" encoding="UTF-8"?>
<!-- Generated by org.testng.reporters.JUnitReportReporter -->
<testsuite hostname="LAPTOP-9060GQE8" failures="0" tests="3" name="com.Diploma.Tests.CompartmentalAggregatefor12th" time="518.766" errors="0" timestamp="2021-07-17T00:00:12 IST" skipped="0">
  <testcase classname="com.Diploma.Tests.CompartmentalAggregatefor12th" name="Login" time="8.789"/>
  <system-out/>
  <testcase classname="com.Diploma.Tests.CompartmentalAggregatefor12th" name="CompartmentalAggregateCheckWith30Percentage" time="314.656"/>
  <system-out/>
  <testcase classname="com.Diploma.Tests.CompartmentalAggregatefor12th" name="CompartmentalAggregateCheckWithLessThan30Percentage" time="195.321"/>
  <system-out/>
</testsuite> <!-- com.Diploma.Tests.CompartmentalAggregatefor12th -->
